[2021-10-05T10:48:25.635141+00:00] main.INFO: Start... [] []
[2021-10-05T10:48:25.728077+00:00] main.INFO: Start... [] []
[2021-10-05T10:52:20.910638+00:00] main.INFO: Start... [] []
[2021-10-05T10:52:45.045841+00:00] main.INFO: Start... [] []
[2021-10-05T10:53:31.051995+00:00] main.INFO: Start... [] []
[2021-10-05T10:53:32.435368+00:00] main.INFO: Start... [] []
[2021-10-05T10:53:46.903118+00:00] main.INFO: Start... [] []
[2021-10-05T10:53:47.300841+00:00] main.INFO: Start... [] []
[2021-10-05T10:53:47.508406+00:00] main.INFO: Start... [] []
[2021-10-05T10:53:52.212247+00:00] main.INFO: Start... [] []
[2021-10-05T10:54:22.777578+00:00] main.INFO: Start... [] []
[2021-10-05T10:55:37.417956+00:00] main.INFO: Start... [] []
[2021-10-05T10:56:07.178185+00:00] main.INFO: Start... [] []
[2021-10-05T10:56:42.830867+00:00] main.INFO: Start... [] []
[2021-10-05T12:12:08.938497+00:00] main.INFO: Start... [] []
[2021-10-05T12:12:28.108845+00:00] main.INFO: Start... [] []
[2021-10-05T12:12:35.005167+00:00] main.INFO: Start... [] []
[2021-10-05T12:15:05.068368+00:00] main.INFO: Start... [] []
[2021-10-05T12:21:06.093701+00:00] main.INFO: Start... [] []
[2021-10-05T12:21:08.502625+00:00] main.INFO: Start... [] []
[2021-10-05T12:21:09.622119+00:00] main.INFO: Start... [] []
[2021-10-05T12:21:16.840998+00:00] main.INFO: Start... [] []
[2021-10-05T12:21:16.951409+00:00] main.INFO: Start... [] []
[2021-10-05T12:21:24.324953+00:00] main.INFO: Start... [] []
[2021-10-05T12:22:04.715962+00:00] main.INFO: Start... [] []
[2021-10-05T12:22:32.395496+00:00] main.INFO: Start... [] []
[2021-10-05T12:23:01.292501+00:00] main.INFO: Start... [] []
[2021-10-05T12:23:23.198738+00:00] main.INFO: Start... [] []
[2021-10-05T12:23:38.569589+00:00] main.INFO: Start... [] []
[2021-10-05T12:23:56.377834+00:00] main.INFO: Start... [] []
[2021-10-05T12:24:27.147430+00:00] main.INFO: Start... [] []
[2021-10-05T12:24:38.106414+00:00] main.INFO: Start... [] []
[2021-10-05T12:24:54.875581+00:00] main.INFO: Start... [] []
[2021-10-05T12:25:10.673854+00:00] main.INFO: Start... [] []
[2021-10-05T12:25:16.395895+00:00] main.INFO: Start... [] []
[2021-10-05T12:25:36.923659+00:00] main.INFO: Start... [] []
[2021-10-05T12:25:41.258806+00:00] main.INFO: Start... [] []
[2021-10-05T12:26:10.187170+00:00] main.INFO: Start... [] []
[2021-10-05T12:26:26.552276+00:00] main.INFO: Start... [] []
[2021-10-05T12:26:35.017940+00:00] main.INFO: Start... [] []
[2021-10-05T12:26:53.528521+00:00] main.INFO: Start... [] []
[2021-10-05T12:29:03.438514+00:00] main.INFO: Start... [] []
[2021-10-05T12:29:07.982832+00:00] main.INFO: Start... [] []
[2021-10-05T12:33:46.779961+00:00] main.INFO: Start... [] []
[2021-10-05T12:33:53.497753+00:00] main.INFO: Start... [] []
[2021-10-05T12:34:14.220769+00:00] main.INFO: Start... [] []
[2021-10-05T12:34:14.310690+00:00] main.INFO: Start... [] []
[2021-10-05T12:34:45.604389+00:00] main.INFO: Start... [] []
[2021-10-05T12:34:50.617622+00:00] main.INFO: Start... [] []
[2021-10-05T12:34:50.718657+00:00] main.INFO: Start... [] []
[2021-10-05T12:34:53.721202+00:00] main.INFO: Start... [] []
[2021-10-05T12:34:55.379892+00:00] main.INFO: Start... [] []
[2021-10-05T12:34:58.713956+00:00] main.INFO: Start... [] []
[2021-10-05T12:37:11.060340+00:00] main.INFO: Start... [] []
[2021-10-05T12:37:41.402857+00:00] main.INFO: Start... [] []
[2021-10-05T12:38:01.058625+00:00] main.INFO: Start... [] []
[2021-10-05T12:38:21.266509+00:00] main.INFO: Start... [] []
[2021-10-05T12:38:21.616540+00:00] main.INFO: Start... [] []
[2021-10-05T12:38:28.694187+00:00] main.INFO: Start... [] []
[2021-10-05T12:38:46.931593+00:00] main.INFO: Start... [] []
[2021-10-05T12:39:33.207991+00:00] main.INFO: Start... [] []
[2021-10-05T12:39:34.419026+00:00] main.INFO: Start... [] []
[2021-10-05T12:39:42.948473+00:00] main.INFO: Start... [] []
[2021-10-05T12:39:52.529033+00:00] main.INFO: Start... [] []
[2021-10-05T12:40:01.492196+00:00] main.INFO: Start... [] []
[2021-10-05T12:40:08.341217+00:00] main.INFO: Start... [] []
[2021-10-05T12:40:11.927204+00:00] main.INFO: Start... [] []
[2021-10-05T12:41:31.102282+00:00] main.INFO: Start... [] []
[2021-10-05T12:41:46.973823+00:00] main.INFO: Start... [] []
[2021-10-05T12:42:09.892500+00:00] main.INFO: Start... [] []
[2021-10-05T12:42:26.070895+00:00] main.INFO: Start... [] []
[2021-10-05T12:42:26.184458+00:00] main.INFO: Start... [] []
[2021-10-05T12:42:29.951119+00:00] main.INFO: Start... [] []
[2021-10-05T12:42:36.413447+00:00] main.INFO: Start... [] []
[2021-10-05T12:46:38.721182+00:00] main.INFO: Start... [] []
[2021-10-05T12:46:43.695288+00:00] main.INFO: Start... [] []
[2021-10-05T12:47:18.631677+00:00] main.INFO: Start... [] []
[2021-10-05T12:47:23.680193+00:00] main.INFO: Start... [] []
[2021-10-05T12:47:23.778865+00:00] main.INFO: Start... [] []
[2021-10-05T12:48:21.047694+00:00] main.INFO: Start... [] []
[2021-10-05T12:48:28.306349+00:00] main.INFO: Start... [] []
[2021-10-05T12:48:32.869800+00:00] main.INFO: Start... [] []
[2021-10-05T12:48:42.569027+00:00] main.INFO: Start... [] []
[2021-10-05T12:48:42.682881+00:00] main.INFO: Start... [] []
[2021-10-05T12:49:00.135818+00:00] main.INFO: Start... [] []
[2021-10-05T12:49:05.324394+00:00] main.INFO: Start... [] []
[2021-10-05T12:49:13.099519+00:00] main.INFO: Start... [] []
[2021-10-05T12:49:13.201097+00:00] main.INFO: Start... [] []
[2021-10-05T12:56:23.072155+00:00] main.INFO: Start... [] []
[2021-10-05T12:56:27.644689+00:00] main.INFO: Start... [] []
[2021-10-05T12:56:27.734108+00:00] main.INFO: Start... [] []
[2021-10-05T13:02:13.624769+00:00] main.INFO: Start... [] []
[2021-10-05T13:03:08.075818+00:00] main.INFO: Start... [] []
[2021-10-05T13:03:08.162767+00:00] main.INFO: Start... [] []
[2021-10-05T13:04:07.942206+00:00] main.INFO: Start... [] []
[2021-10-05T13:04:14.985029+00:00] main.INFO: Start... [] []
[2021-10-05T13:04:15.084814+00:00] main.INFO: Start... [] []
[2021-10-05T13:04:22.110793+00:00] main.INFO: Start... [] []
[2021-10-05T13:04:22.207894+00:00] main.INFO: Start... [] []
[2021-10-05T13:04:25.807384+00:00] main.INFO: Start... [] []
[2021-10-05T13:04:29.855103+00:00] main.INFO: Start... [] []
[2021-10-05T13:10:39.911378+00:00] main.INFO: Start... [] []
[2021-10-05T13:10:40.002939+00:00] main.INFO: Start... [] []
[2021-10-05T13:11:18.924332+00:00] main.INFO: Start... [] []
[2021-10-05T13:11:21.656273+00:00] main.INFO: Start... [] []
[2021-10-05T13:19:57.614798+00:00] main.INFO: Start... [] []
[2021-10-05T13:20:03.739286+00:00] main.INFO: Start... [] []
[2021-10-05T13:20:03.834928+00:00] main.INFO: Start... [] []
[2021-10-05T13:20:54.597865+00:00] main.INFO: Start... [] []
[2021-10-05T13:20:55.928600+00:00] main.INFO: Start... [] []
[2021-10-05T13:21:04.559720+00:00] main.INFO: Start... [] []
[2021-10-05T13:21:39.604303+00:00] main.INFO: Start... [] []
[2021-10-05T13:29:16.753072+00:00] main.INFO: Start... [] []
[2021-10-05T13:29:19.454777+00:00] main.INFO: Start... [] []
[2021-10-05T13:35:33.215825+00:00] main.INFO: Start... [] []
[2021-10-05T13:35:40.885156+00:00] main.INFO: Start... [] []
[2021-10-05T13:35:40.972472+00:00] main.INFO: Start... [] []
[2021-10-05T13:36:04.494175+00:00] main.INFO: Start... [] []
[2021-10-05T13:37:27.870670+00:00] main.INFO: Start... [] []
[2021-10-05T13:37:31.290494+00:00] main.INFO: Start... [] []
[2021-10-05T13:39:06.754842+00:00] main.INFO: Start... [] []
[2021-10-05T13:39:42.726269+00:00] main.INFO: Start... [] []
[2021-10-05T13:40:38.657915+00:00] main.INFO: Start... [] []
[2021-10-05T13:40:40.196657+00:00] main.INFO: Start... [] []
[2021-10-05T13:40:48.678718+00:00] main.INFO: Start... [] []
[2021-10-05T13:40:50.033595+00:00] main.INFO: Start... [] []
[2021-10-05T13:40:50.371080+00:00] main.INFO: Start... [] []
[2021-10-05T13:40:50.533364+00:00] main.INFO: Start... [] []
[2021-10-05T13:40:50.692923+00:00] main.INFO: Start... [] []
[2021-10-05T13:40:54.019685+00:00] main.INFO: Start... [] []
[2021-10-05T13:40:57.324133+00:00] main.INFO: Start... [] []
[2021-10-05T13:40:59.938498+00:00] main.INFO: Start... [] []
[2021-10-05T13:41:04.729282+00:00] main.INFO: Start... [] []
[2021-10-05T13:42:51.859430+00:00] main.INFO: Start... [] []
[2021-10-05T13:43:20.357605+00:00] main.INFO: Start... [] []
[2021-10-05T13:44:24.677448+00:00] main.INFO: Start... [] []
[2021-10-05T13:44:29.508063+00:00] main.INFO: Start... [] []
[2021-10-05T13:44:51.498707+00:00] main.INFO: Start... [] []
[2021-10-05T13:44:51.635617+00:00] main.INFO: Start... [] []
[2021-10-05T13:44:53.448221+00:00] main.INFO: Start... [] []
[2021-10-07T08:30:33.591454+00:00] main.INFO: Start... [] []
[2021-10-07T08:30:52.430827+00:00] main.INFO: Start... [] []
[2021-10-07T08:30:52.545562+00:00] main.INFO: Start... [] []
[2021-10-07T08:34:08.838675+00:00] main.INFO: Start... [] []
[2021-10-07T08:34:49.827949+00:00] main.INFO: Start... [] []
[2021-10-07T08:34:51.495757+00:00] main.INFO: Start... [] []
[2021-10-07T08:34:56.887422+00:00] main.INFO: Start... [] []
[2021-10-07T08:37:29.806917+00:00] main.INFO: Start... [] []
[2021-10-07T08:37:50.690523+00:00] main.INFO: Start... [] []
[2021-10-07T08:37:55.270904+00:00] main.INFO: Start... [] []
[2021-10-07T08:38:59.308245+00:00] main.INFO: Start... [] []
[2021-10-07T08:39:14.843771+00:00] main.INFO: Start... [] []
[2021-10-07T08:39:14.949430+00:00] main.INFO: Start... [] []
[2021-10-07T08:47:43.227023+00:00] main.INFO: Start... [] []
[2021-10-07T08:47:47.575024+00:00] main.INFO: Start... [] []
[2021-10-07T08:47:47.664139+00:00] main.INFO: Start... [] []
[2021-10-07T08:50:57.952210+00:00] main.INFO: Start... [] []
[2021-10-07T08:51:32.642707+00:00] main.INFO: Start... [] []
[2021-10-07T08:51:37.097943+00:00] main.INFO: Start... [] []
[2021-10-07T09:04:26.094624+00:00] main.INFO: Start... [] []
[2021-10-07T09:06:52.722660+00:00] main.INFO: Start... [] []
[2021-10-07T09:06:52.831054+00:00] main.INFO: Start... [] []
[2021-10-07T09:12:39.190061+00:00] main.INFO: Start... [] []
[2021-10-07T09:28:15.323905+00:00] main.INFO: Start... [] []
[2021-10-07T09:28:19.538585+00:00] main.INFO: Start... [] []
[2021-10-07T09:28:19.626301+00:00] main.INFO: Start... [] []
[2021-10-07T09:28:52.498296+00:00] main.INFO: Start... [] []
[2021-10-07T09:28:57.549985+00:00] main.INFO: Start... [] []
[2021-10-07T09:29:27.399823+00:00] main.INFO: Start... [] []
[2021-10-07T09:30:06.279293+00:00] main.INFO: Start... [] []
[2021-10-07T09:30:18.049045+00:00] main.INFO: Start... [] []
[2021-10-07T09:30:18.839371+00:00] main.INFO: Start... [] []
[2021-10-07T09:30:18.984064+00:00] main.INFO: Start... [] []
[2021-10-07T09:30:19.145166+00:00] main.INFO: Start... [] []
[2021-10-07T09:30:19.295621+00:00] main.INFO: Start... [] []
[2021-10-07T09:30:26.909532+00:00] main.INFO: Start... [] []
[2021-10-07T09:31:14.769988+00:00] main.INFO: Start... [] []
[2021-10-07T09:31:15.821654+00:00] main.INFO: Start... [] []
[2021-10-07T09:31:15.980194+00:00] main.INFO: Start... [] []
[2021-10-07T09:31:16.142552+00:00] main.INFO: Start... [] []
[2021-10-07T09:31:16.308295+00:00] main.INFO: Start... [] []
[2021-10-07T09:31:20.544699+00:00] main.INFO: Start... [] []
[2021-10-07T09:33:26.331233+00:00] main.INFO: Start... [] []
[2021-10-07T09:33:37.330476+00:00] main.INFO: Start... [] []
[2021-10-07T09:34:06.345597+00:00] main.INFO: Start... [] []
[2021-10-07T09:34:11.186236+00:00] main.INFO: Start... [] []
[2021-10-07T09:35:27.654968+00:00] main.INFO: Start... [] []
[2021-10-07T09:35:31.653647+00:00] main.INFO: Start... [] []
[2021-10-07T09:35:36.879472+00:00] main.INFO: Start... [] []
[2021-10-07T09:36:15.393270+00:00] main.INFO: Start... [] []
[2021-10-07T09:36:18.628797+00:00] main.INFO: Start... [] []
[2021-10-07T09:37:04.976697+00:00] main.INFO: Start... [] []
[2021-10-07T09:38:45.222199+00:00] main.INFO: Start... [] []
[2021-10-07T09:41:30.515905+00:00] main.INFO: Start... [] []
[2021-10-07T09:41:52.254801+00:00] main.INFO: Start... [] []
[2021-10-07T09:41:59.553126+00:00] main.INFO: Start... [] []
[2021-10-07T09:42:34.818000+00:00] main.INFO: Start... [] []
[2021-10-07T09:42:58.786814+00:00] main.INFO: Start... [] []
[2021-10-07T09:43:21.235988+00:00] main.INFO: Start... [] []
[2021-10-07T09:49:18.832295+00:00] main.INFO: Start... [] []
[2021-10-07T09:50:42.126674+00:00] main.INFO: Start... [] []
[2021-10-07T09:51:04.266148+00:00] main.INFO: Start... [] []
[2021-10-07T09:55:05.477132+00:00] main.INFO: Start... [] []
[2021-10-07T09:55:05.914708+00:00] main.INFO: Start... [] []
[2021-10-07T09:55:14.331950+00:00] main.INFO: Start... [] []
[2021-10-07T09:55:57.280798+00:00] main.INFO: Start... [] []
[2021-10-07T09:55:58.510263+00:00] main.INFO: Start... [] []
[2021-10-07T09:55:58.884240+00:00] main.INFO: Start... [] []
[2021-10-07T09:55:59.019181+00:00] main.INFO: Start... [] []
[2021-10-07T09:56:10.781441+00:00] main.INFO: Start... [] []
[2021-10-07T09:56:33.443057+00:00] main.INFO: Start... [] []
[2021-10-07T09:56:59.229768+00:00] main.INFO: Start... [] []
[2021-10-07T09:57:05.034939+00:00] main.INFO: Start... [] []
[2021-10-07T09:57:07.395983+00:00] main.INFO: Start... [] []
[2021-10-07T09:57:07.573031+00:00] main.INFO: Start... [] []
[2021-10-07T09:57:07.749381+00:00] main.INFO: Start... [] []
[2021-10-07T09:57:07.903217+00:00] main.INFO: Start... [] []
[2021-10-07T09:57:41.389272+00:00] main.INFO: Start... [] []
[2021-10-07T09:57:41.903242+00:00] main.INFO: Start... [] []
[2021-10-07T09:57:42.059107+00:00] main.INFO: Start... [] []
[2021-10-07T09:57:42.179212+00:00] main.INFO: Start... [] []
[2021-10-07T09:57:42.333968+00:00] main.INFO: Start... [] []
[2021-10-07T09:57:42.449091+00:00] main.INFO: Start... [] []
[2021-10-07T09:57:42.601997+00:00] main.INFO: Start... [] []
[2021-10-07T09:57:42.706657+00:00] main.INFO: Start... [] []
[2021-10-07T09:58:24.749376+00:00] main.INFO: Start... [] []
[2021-10-07T09:58:29.755213+00:00] main.INFO: Start... [] []
[2021-10-07T09:58:49.410551+00:00] main.INFO: Start... [] []
[2021-10-07T09:59:33.821114+00:00] main.INFO: Start... [] []
[2021-10-07T10:00:20.881372+00:00] main.INFO: Start... [] []
[2021-10-12T08:17:39.426792+00:00] main.INFO: Start... [] []
[2021-10-12T08:17:46.707678+00:00] main.INFO: Start... [] []
[2021-10-12T08:17:46.882993+00:00] main.INFO: Start... [] []
[2021-10-12T08:18:26.508462+00:00] main.INFO: Start... [] []
[2021-10-12T08:18:35.090442+00:00] main.INFO: Start... [] []
[2021-10-12T08:18:36.218171+00:00] main.INFO: Start... [] []
[2021-10-12T08:18:42.721484+00:00] main.INFO: Start... [] []
[2021-10-12T08:18:42.813462+00:00] main.INFO: Start... [] []
[2021-10-12T08:19:46.116333+00:00] main.INFO: Start... [] []
[2021-10-12T08:19:46.694991+00:00] main.INFO: Start... [] []
[2021-10-12T08:19:46.983722+00:00] main.INFO: Start... [] []
[2021-10-12T08:19:47.166557+00:00] main.INFO: Start... [] []
[2021-10-12T08:19:47.291998+00:00] main.INFO: Start... [] []
[2021-10-12T08:19:52.027460+00:00] main.INFO: Start... [] []
[2021-10-12T08:21:01.982884+00:00] main.INFO: Start... [] []
[2021-10-12T08:21:06.879600+00:00] main.INFO: Start... [] []
[2021-10-12T08:21:07.772275+00:00] main.INFO: Start... [] []
[2021-10-12T08:21:17.346722+00:00] main.INFO: Start... [] []
[2021-10-12T08:23:05.565716+00:00] main.INFO: Start... [] []
[2021-10-12T08:24:57.797660+00:00] main.INFO: Start... [] []
[2021-10-12T08:25:01.190821+00:00] main.INFO: Start... [] []
[2021-10-12T08:25:01.279807+00:00] main.INFO: Start... [] []
[2021-11-02T11:22:35.351272+00:00] main.INFO: Start... [] []
[2021-11-02T11:29:50.434957+00:00] main.INFO: Start... [] []
[2021-11-02T11:29:53.281044+00:00] main.INFO: Start... [] []
[2021-11-02T11:30:56.031792+00:00] main.INFO: Start... [] []
[2021-11-02T14:41:23.548298+00:00] main.INFO: Start... [] []
[2021-11-02T14:50:46.030337+00:00] main.INFO: Start... [] []
[2021-11-02T14:50:51.847774+00:00] main.INFO: Start... [] []
[2021-11-02T14:56:42.581665+00:00] main.INFO: Start... [] []
[2021-11-02T14:57:00.603963+00:00] main.INFO: Start... [] []
[2021-11-02T14:58:04.364111+00:00] main.INFO: Start... [] []
[2021-11-02T14:58:05.138904+00:00] main.INFO: Start... [] []
[2021-11-02T14:58:28.286983+00:00] main.INFO: Start... [] []
[2021-11-02T14:58:32.219186+00:00] main.INFO: Start... [] []
[2021-11-02T14:58:32.490456+00:00] main.INFO: Start... [] []
[2021-11-02T14:58:32.733381+00:00] main.INFO: Start... [] []
[2021-11-02T14:58:33.049269+00:00] main.INFO: Start... [] []
[2021-11-02T14:58:33.549054+00:00] main.INFO: Start... [] []
[2021-11-02T14:58:34.132136+00:00] main.INFO: Start... [] []
[2021-11-02T14:58:40.150163+00:00] main.INFO: Start... [] []
[2021-11-02T14:59:04.786920+00:00] main.INFO: Start... [] []
[2021-11-02T15:00:02.914663+00:00] main.INFO: Start... [] []
[2021-11-02T15:00:03.993955+00:00] main.INFO: Start... [] []
[2021-11-02T15:00:09.402850+00:00] main.INFO: Start... [] []
[2021-11-02T15:00:34.033198+00:00] main.INFO: Start... [] []
[2021-11-02T15:00:34.565681+00:00] main.INFO: Start... [] []
[2021-11-02T15:00:34.767587+00:00] main.INFO: Start... [] []
[2021-11-02T15:00:34.899564+00:00] main.INFO: Start... [] []
[2021-11-02T15:00:40.734686+00:00] main.INFO: Start... [] []
[2021-11-02T15:01:31.862772+00:00] main.INFO: Start... [] []
[2021-11-02T15:01:33.549193+00:00] main.INFO: Start... [] []
[2021-11-02T15:01:38.723372+00:00] main.INFO: Start... [] []
[2021-11-02T15:14:47.195608+00:00] main.INFO: Start... [] []
[2021-11-02T15:15:30.829853+00:00] main.INFO: Start... [] []
[2021-11-02T15:15:37.202705+00:00] main.INFO: Start... [] []
[2021-11-02T15:17:11.664831+00:00] main.INFO: Start... [] []
[2021-11-02T15:17:15.169832+00:00] main.INFO: Start... [] []
[2021-11-02T15:17:17.027904+00:00] main.INFO: Start... [] []
[2021-11-02T15:17:19.908590+00:00] main.INFO: Start... [] []
[2021-11-02T15:19:36.847194+00:00] main.INFO: Start... [] []
[2021-11-02T15:21:17.100579+00:00] main.INFO: Start... [] []
[2021-11-02T15:22:19.918618+00:00] main.INFO: Start... [] []
[2021-11-02T15:22:28.379771+00:00] main.INFO: Start... [] []
[2021-11-02T15:22:52.509569+00:00] main.INFO: Start... [] []
[2021-11-02T15:23:01.255053+00:00] main.INFO: Start... [] []
[2021-11-02T15:23:10.624381+00:00] main.INFO: Start... [] []
[2021-11-02T15:23:17.541770+00:00] main.INFO: Start... [] []
[2021-11-02T15:23:37.942668+00:00] main.INFO: Start... [] []
[2021-11-02T15:24:01.314170+00:00] main.INFO: Start... [] []
[2021-11-02T15:24:07.917766+00:00] main.INFO: Start... [] []
[2021-11-02T15:24:08.775729+00:00] main.INFO: Start... [] []
[2021-11-02T15:24:17.118356+00:00] main.INFO: Start... [] []
[2021-11-02T15:24:31.065463+00:00] main.INFO: Start... [] []
[2021-11-02T15:25:34.785779+00:00] main.INFO: Start... [] []
[2021-11-02T15:26:46.144425+00:00] main.INFO: Start... [] []
[2021-11-02T15:27:00.700086+00:00] main.INFO: Start... [] []
[2021-11-02T15:27:13.973449+00:00] main.INFO: Start... [] []
[2021-11-02T15:27:39.684349+00:00] main.INFO: Start... [] []
[2021-11-02T15:29:26.886636+00:00] main.INFO: Start... [] []
[2021-11-02T15:29:28.025483+00:00] main.INFO: Start... [] []
[2021-11-02T15:29:28.241242+00:00] main.INFO: Start... [] []
[2021-11-02T15:29:54.597897+00:00] main.INFO: Start... [] []
[2021-11-02T15:32:02.084515+00:00] main.INFO: Start... [] []
[2021-11-02T15:32:46.370341+00:00] main.INFO: Start... [] []
[2021-11-02T15:32:54.538671+00:00] main.INFO: Start... [] []
[2021-11-02T15:33:09.652843+00:00] main.INFO: Start... [] []
[2021-11-02T15:33:56.041094+00:00] main.INFO: Start... [] []
[2021-11-02T15:33:56.282852+00:00] main.INFO: Start... [] []
[2021-11-02T15:33:56.526057+00:00] main.INFO: Start... [] []
[2021-11-02T15:34:04.380427+00:00] main.INFO: Start... [] []
[2021-11-02T15:35:19.140681+00:00] main.INFO: Start... [] []
[2021-11-02T15:57:01.265386+00:00] main.INFO: Start... [] []
[2021-11-02T15:57:20.962334+00:00] main.INFO: Start... [] []
[2021-11-02T15:57:21.616528+00:00] main.INFO: Start... [] []
[2021-11-02T15:57:21.786962+00:00] main.INFO: Start... [] []
[2021-11-02T15:57:21.909691+00:00] main.INFO: Start... [] []
[2021-11-02T15:58:09.127878+00:00] main.INFO: Start... [] []
[2021-11-02T15:58:28.674779+00:00] main.INFO: Start... [] []
[2021-11-02T16:01:57.034992+00:00] main.INFO: Start... [] []
[2021-11-02T16:02:08.610079+00:00] main.INFO: Start... [] []
[2021-11-02T16:13:10.130652+00:00] main.INFO: Start... [] []
[2021-11-02T16:16:13.185138+00:00] main.INFO: Start... [] []
[2021-11-02T16:21:20.482407+00:00] main.INFO: Start... [] []
[2021-11-02T16:21:29.257577+00:00] main.INFO: Start... [] []
[2021-11-02T16:26:32.827159+00:00] main.INFO: Start... [] []
[2021-11-02T16:26:43.149420+00:00] main.INFO: Start... [] []
[2021-11-02T16:33:18.176820+00:00] main.INFO: Start... [] []
[2021-11-02T16:33:45.994355+00:00] main.INFO: Start... [] []
[2021-11-02T16:35:54.516915+00:00] main.INFO: Start... [] []
[2021-11-02T16:36:01.777526+00:00] main.INFO: Start... [] []
[2021-11-02T16:42:35.595935+00:00] main.INFO: Start... [] []
[2021-11-02T16:43:32.592472+00:00] main.INFO: Start... [] []
[2021-11-02T16:43:39.061732+00:00] main.INFO: Start... [] []
[2021-11-02T16:44:17.096816+00:00] main.INFO: Start... [] []
[2021-11-02T16:44:34.330292+00:00] main.INFO: Start... [] []
[2021-11-02T16:50:37.505152+00:00] main.INFO: Start... [] []
[2021-11-02T16:51:04.442428+00:00] main.INFO: Start... [] []
[2021-11-02T16:51:34.965414+00:00] main.INFO: Start... [] []
[2021-11-02T16:51:42.240401+00:00] main.INFO: Start... [] []
[2021-11-02T16:52:17.444849+00:00] main.INFO: Start... [] []
[2021-11-02T17:52:53.379980+00:00] main.INFO: Start... [] []
[2021-11-02T17:52:55.441428+00:00] main.INFO: Start... [] []
[2021-11-02T17:52:57.498884+00:00] main.INFO: Start... [] []
[2021-11-02T17:52:59.553747+00:00] main.INFO: Start... [] []
[2021-11-02T17:53:59.499870+00:00] main.INFO: Start... [] []
[2021-11-02T17:54:01.567171+00:00] main.INFO: Start... [] []
[2021-11-02T17:54:03.653340+00:00] main.INFO: Start... [] []
[2021-11-02T17:54:24.632205+00:00] main.INFO: Start... [] []
[2021-11-02T17:54:35.365508+00:00] main.INFO: Start... [] []
[2021-11-02T17:54:52.527594+00:00] main.INFO: Start... [] []
[2021-11-02T17:55:07.609724+00:00] main.INFO: Start... [] []
[2021-11-02T17:56:01.082075+00:00] main.INFO: Start... [] []
[2021-11-02T17:58:27.576944+00:00] main.INFO: Start... [] []
[2021-11-02T18:01:10.574082+00:00] main.INFO: Start... [] []
[2021-11-05T15:30:20.627450+00:00] main.INFO: Start... [] []
[2021-11-05T15:31:39.852742+00:00] main.INFO: Start... [] []
[2021-11-05T15:38:14.804007+00:00] main.INFO: Start... [] []
[2021-11-05T15:39:39.279613+00:00] main.INFO: Start... [] []
[2021-11-05T15:40:02.766818+00:00] main.INFO: Start... [] []
[2021-11-05T15:40:13.611926+00:00] main.INFO: Start... [] []
[2021-11-05T15:42:27.143251+00:00] main.INFO: Start... [] []
[2021-11-05T15:42:37.292973+00:00] main.INFO: Start... [] []
[2021-11-05T15:42:47.228701+00:00] main.INFO: Start... [] []
[2021-11-05T15:48:36.008800+00:00] main.INFO: Start feedBack.php... [] []
[2021-11-05T15:48:39.540350+00:00] main.INFO: Start feedBack.php... [] []
[2021-11-05T15:50:51.654619+00:00] main.INFO: Start feedBack.php... [] []
[2021-11-05T15:50:57.247430+00:00] main.INFO: Start feedBack.php... [] []
[2021-11-05T15:52:56.184961+00:00] main.INFO: Start feedBack.php... [] []
[2021-11-05T15:53:05.170960+00:00] main.INFO: Start feedBack.php... [] []
[2021-11-05T15:55:58.344671+00:00] main.INFO: Start feedBack.php... [] []
[2021-11-05T15:56:05.053719+00:00] main.INFO: Start feedBack.php... [] []
[2021-11-05T15:56:32.004509+00:00] main.INFO: Start feedBack.php... [] []
[2021-11-05T15:56:41.377439+00:00] main.INFO: Start feedBack.php... [] []
[2021-11-05T15:57:00.448679+00:00] main.INFO: Start feedBack.php... [] []
[2021-11-05T15:58:02.021880+00:00] main.INFO: Start feedBack.php... [] []
[2021-11-05T15:58:07.412429+00:00] main.INFO: Start feedBack.php... [] []
[2021-11-05T15:58:26.291097+00:00] main.INFO: Start feedBack.php... [] []
[2021-11-05T16:00:17.608501+00:00] main.INFO: Start feedBack.php... [] []
[2021-11-05T16:00:24.264821+00:00] main.INFO: Start feedBack.php... [] []
[2021-11-05T16:01:05.948993+00:00] main.INFO: Start feedBack.php... [] []
[2021-11-05T16:01:15.987789+00:00] main.INFO: Start feedBack.php... [] []
[2021-11-05T16:01:29.714967+00:00] main.INFO: Start feedBack.php... [] []
[2021-11-05T16:01:31.178672+00:00] main.INFO: Start feedBack.php... [] []
[2021-11-05T16:04:26.686149+00:00] main.INFO: Start feedBack.php... [] []
[2021-11-05T16:04:48.237586+00:00] main.INFO: Start feedBack.php... [] []
[2021-11-05T16:05:08.313660+00:00] main.INFO: Start feedBack.php... [] []
[2021-11-08T15:15:26.322901+00:00] main.INFO: Start connect.php... [] []
[2021-11-08T15:15:39.233840+00:00] main.INFO: Start feedBack.php... [] []
[2021-11-08T15:17:38.564244+00:00] main.INFO: Start feedBack.php... [] []
[2021-11-08T15:17:45.548280+00:00] main.INFO: Start feedBack.php... [] []
[2021-11-08T15:18:26.528038+00:00] main.INFO: Start feedBack.php... [] []
[2021-11-08T15:19:19.684013+00:00] main.INFO: Start feedBack.php... [] []
[2021-11-08T15:19:24.245566+00:00] main.INFO: Start feedBack.php... [] []
[2021-11-08T15:19:40.491707+00:00] main.INFO: Start feedBack.php... [] []
[2021-11-08T15:20:44.479334+00:00] main.INFO: Start feedBack.php... [] []
[2021-11-08T15:21:01.491504+00:00] main.INFO: Start feedBack.php... [] []
[2021-11-08T15:24:37.734340+00:00] main.INFO: Start feedBack.php... [] []
[2021-11-08T15:40:25.077967+00:00] main.INFO: Start feedBack.php... [] []
[2021-11-08T15:40:49.149806+00:00] main.INFO: Start feedBack.php... [] []
[2021-11-08T15:40:55.753391+00:00] main.INFO: Start feedBack.php... [] []
[2021-11-08T15:41:13.605135+00:00] main.INFO: Start feedBack.php... [] []
[2021-11-08T15:41:17.766145+00:00] main.INFO: Start feedBack.php... [] []
[2021-11-08T15:41:33.294687+00:00] main.INFO: Start feedBack.php... [] []
[2021-11-08T15:42:19.775806+00:00] main.INFO: Start feedBack.php... [] []
[2021-11-08T15:44:17.537565+00:00] main.INFO: Start feedBack.php... [] []
[2021-11-08T15:44:29.763563+00:00] main.INFO: Start feedBack.php... [] []
[2021-11-08T15:44:36.405193+00:00] main.INFO: Start feedBack.php... [] []
[2021-11-08T15:45:08.253296+00:00] main.INFO: Start feedBack.php... [] []
[2021-11-08T15:45:46.371984+00:00] main.INFO: Start feedBack.php... [] []
[2021-11-08T15:47:26.337887+00:00] main.INFO: Start feedBack.php... [] []
[2021-11-08T15:47:42.834166+00:00] main.INFO: Start feedBack.php... [] []
[2021-11-08T15:47:56.448020+00:00] main.INFO: Start feedBack.php... [] []
[2021-11-08T15:48:13.608072+00:00] main.INFO: Start feedBack.php... [] []
[2021-11-08T15:48:44.837296+00:00] main.INFO: Start feedBack.php... [] []
[2021-11-08T15:48:53.415691+00:00] main.INFO: Start feedBack.php... [] []
[2021-11-08T15:49:49.094620+00:00] main.INFO: Start feedBack.php... [] []
[2021-11-08T15:49:51.100493+00:00] main.INFO: Start feedBack.php... [] []
[2021-11-09T09:20:32.515958+00:00] main.INFO: Start connect.php... [] []
[2021-11-09T09:20:52.265189+00:00] main.INFO: Start connect.php... [] []
[2021-11-09T09:21:45.575497+00:00] main.INFO: Start feedBack.php... [] []
[2021-11-09T09:22:06.695318+00:00] main.INFO: Start feedBack.php... [] []
[2021-11-09T09:22:11.419178+00:00] main.INFO: Start feedBack.php... [] []
[2021-11-13T22:39:47.743010+00:00] main.INFO: Start connect.php... [] []
[2021-11-13T22:39:54.758889+00:00] main.INFO: Start feedBack.php... [] []
[2021-11-13T22:40:15.397045+00:00] main.INFO: Start feedBack.php... [] []
[2021-11-13T22:40:18.394163+00:00] main.INFO: Start feedBack.php... [] []
[2021-11-14T16:55:06.244160+01:00] main.INFO: Start Noteadd.php... [] []
[2021-11-14T16:56:12.699878+01:00] main.INFO: Start Noteadd.php... [] []
[2021-11-14T16:56:16.594124+01:00] main.INFO: Start Noteadd.php... [] []
[2021-11-14T16:57:30.524983+01:00] main.INFO: Start Noteadd.php... [] []
[2021-11-14T16:58:29.476683+01:00] main.INFO: Start Noteadd.php... [] []
[2021-11-14T16:59:03.507347+01:00] main.INFO: Start Noteadd.php... [] []
[2021-11-14T16:59:58.794580+01:00] main.INFO: Start Noteadd.php... [] []
[2021-11-14T17:01:46.888898+01:00] main.INFO: Start Noteadd.php... [] []
[2021-11-14T17:02:24.018640+01:00] main.INFO: Start Noteadd.php... [] []
[2021-11-14T17:02:40.234122+01:00] main.INFO: Start Noteadd.php... [] []
[2021-11-14T17:12:26.518987+01:00] main.INFO: Start Noteadd.php... [] []
[2021-11-14T17:12:30.676382+01:00] main.INFO: Start Noteadd.php... [] []
[2021-11-14T17:14:08.193581+01:00] main.INFO: Start Noteadd.php... [] []
[2021-11-14T17:15:43.388031+01:00] main.INFO: Start Noteadd.php... [] []
[2021-11-14T17:19:31.422325+01:00] main.INFO: Start Noteadd.php... [] []
[2021-11-14T17:21:52.872985+01:00] main.INFO: Start Noteadd.php... [] []
[2021-11-14T17:25:41.642084+01:00] main.INFO: Start Noteadd.php... [] []
[2021-11-14T17:31:40.203133+01:00] main.INFO: Start Noteadd.php... [] []
[2021-11-14T17:32:22.929382+01:00] main.INFO: Start Noteadd.php... [] []
[2021-11-14T17:45:48.690399+01:00] main.INFO: Start connect.php... [] []
[2021-11-14T17:46:23.952343+01:00] main.INFO: Start connect.php... [] []
[2021-11-14T18:24:47.573258+01:00] main.INFO: Start userList.php... [] []
[2021-11-14T18:28:21.528788+01:00] main.INFO: Start noteList.php... [] []
[2021-11-14T18:29:46.439632+01:00] main.INFO: Start noteList.php... [] []
[2021-11-14T18:29:57.033342+01:00] main.INFO: Start noteList.php... [] []
[2021-11-14T18:33:03.469216+01:00] main.INFO: Start noteList.php... [] []
[2021-11-14T18:34:52.589594+01:00] main.INFO: Start noteList.php... [] []
[2021-11-16T18:17:15.682151+01:00] main.INFO: Start noteList.php... [] []
[2021-11-16T18:22:16.119105+01:00] main.INFO: Start noteList.php... [] []
[2021-11-16T18:32:38.454965+01:00] main.INFO: Start noteList.php... [] []
[2021-11-16T18:35:07.610822+01:00] main.INFO: Start noteList.php... [] []
[2021-11-16T18:35:22.026024+01:00] main.INFO: Start noteList.php... [] []
[2021-11-16T18:36:30.005816+01:00] main.INFO: Start noteList.php... [] []
[2021-11-16T18:37:44.216091+01:00] main.INFO: Start noteList.php... [] []
[2021-11-16T18:38:13.294653+01:00] main.INFO: Start noteList.php... [] []
[2021-11-16T18:39:04.774505+01:00] main.INFO: Start noteList.php... [] []
[2021-11-16T18:39:29.409147+01:00] main.INFO: Start noteList.php... [] []
[2021-11-16T18:51:40.379763+01:00] main.INFO: Start noteList.php... [] []
[2021-11-16T19:33:58.307613+01:00] main.INFO: Start noteList.php... [] []
[2021-11-16T19:35:36.310208+01:00] main.INFO: Start noteList.php... [] []
[2021-11-16T19:36:47.074373+01:00] main.INFO: Start noteList.php... [] []
[2021-11-16T19:38:02.821708+01:00] main.INFO: Start noteList.php... [] []
[2021-11-16T19:41:09.698501+01:00] main.INFO: Start noteList.php... [] []
[2021-11-16T20:23:16.054866+01:00] main.INFO: Start noteList.php... [] []
[2021-11-16T20:32:04.218081+01:00] main.INFO: Start userList.php... [] []
[2021-11-16T20:34:42.392037+01:00] main.INFO: Start userList.php... [] []
[2021-11-16T20:35:40.533372+01:00] main.INFO: Start userList.php... [] []
[2021-11-16T20:36:02.178394+01:00] main.INFO: Start userList.php... [] []
[2021-11-16T20:36:17.004948+01:00] main.INFO: Start userList.php... [] []
[2021-11-16T20:36:45.287170+01:00] main.INFO: Start userList.php... [] []
[2021-11-16T20:36:47.634565+01:00] main.INFO: Start userList.php... [] []
[2021-11-16T20:41:10.609315+01:00] main.INFO: Start userList.php... [] []
[2021-11-16T20:55:58.023838+01:00] main.INFO: Start noteList.php... [] []
[2021-11-16T20:57:33.424786+01:00] main.INFO: Start noteList.php... [] []
[2021-11-16T20:58:59.915786+01:00] main.INFO: Start noteList.php... [] []
[2021-11-16T21:02:50.965142+01:00] main.INFO: Start noteList.php... [] []
[2021-11-16T21:05:17.890260+01:00] main.INFO: Start noteList.php... [] []
[2021-11-16T21:07:46.781894+01:00] main.INFO: Start noteList.php... [] []
[2021-11-16T21:07:48.128190+01:00] main.INFO: Start noteList.php... [] []
[2021-11-16T21:13:28.551706+01:00] main.INFO: Start noteList.php... [] []
[2021-11-16T21:13:42.931438+01:00] main.INFO: Start noteList.php... [] []
[2021-11-16T21:18:12.882101+01:00] main.INFO: Start noteList.php... [] []
[2021-11-16T21:18:29.170030+01:00] main.INFO: Start noteList.php... [] []
[2021-11-16T21:19:19.133398+01:00] main.INFO: Start noteList.php... [] []
[2021-11-16T21:19:37.879069+01:00] main.INFO: Start noteList.php... [] []
[2021-11-16T21:20:26.601640+01:00] main.INFO: Start noteList.php... [] []
[2021-11-16T21:26:18.672498+01:00] main.INFO: Start noteList.php... [] []
[2021-11-16T21:31:50.869042+01:00] main.INFO: Start noteList.php... [] []
[2021-11-16T21:37:58.475298+01:00] main.INFO: Start noteList.php... [] []
[2021-11-16T21:38:44.662154+01:00] main.INFO: Start noteList.php... [] []
[2021-11-16T21:40:28.730389+01:00] main.INFO: Start noteList.php... [] []
[2021-11-16T21:41:35.819629+01:00] main.INFO: Start noteList.php... [] []
[2021-11-16T21:42:43.702094+01:00] main.INFO: Start noteList.php... [] []
[2021-11-16T21:47:02.898073+01:00] main.INFO: Start noteList.php... [] []
[2021-11-16T21:50:02.057512+01:00] main.INFO: Start noteList.php... [] []
[2021-11-16T21:50:57.598740+01:00] main.INFO: Start noteList.php... [] []
[2021-11-16T21:51:08.066863+01:00] main.INFO: Start noteList.php... [] []
[2021-11-16T21:52:11.969105+01:00] main.INFO: Start noteList.php... [] []
[2021-11-16T21:54:08.522498+01:00] main.INFO: Start noteList.php... [] []
[2021-11-16T21:54:42.349729+01:00] main.INFO: Start noteList.php... [] []
[2021-11-16T22:00:05.360590+01:00] main.INFO: Start userList.php... [] []
[2021-11-16T22:00:33.450133+01:00] main.INFO: Start userList.php... [] []
[2021-11-16T22:01:29.203192+01:00] main.INFO: Start userList.php... [] []
[2021-11-16T22:03:07.105188+01:00] main.INFO: Start userList.php... [] []
[2021-11-16T22:05:09.216175+01:00] main.INFO: Start userList.php... [] []
[2021-11-16T22:08:15.401493+01:00] main.INFO: Start userList.php... [] []
[2021-11-16T22:12:03.655877+01:00] main.INFO: Start userList.php... [] []
[2021-11-16T22:14:22.222984+01:00] main.INFO: Start userList.php... [] []
[2021-11-16T22:15:27.191540+01:00] main.INFO: Start userList.php... [] []
[2021-11-16T22:18:20.148682+01:00] main.INFO: Start userList.php... [] []
[2021-11-16T22:19:16.257947+01:00] main.INFO: Start userList.php... [] []
[2021-11-16T22:20:29.378284+01:00] main.INFO: Start add.php... [] []
[2021-11-16T22:21:26.881935+01:00] main.INFO: Start add.php... [] []
[2021-11-16T22:21:27.678390+01:00] main.INFO: Start connect.php... [] []
[2021-11-16T22:26:50.593922+01:00] main.INFO: Start add.php... [] []
[2021-11-16T22:29:33.905068+01:00] main.INFO: Start add.php... [] []
[2021-11-16T22:32:52.071198+01:00] main.INFO: Start add.php... [] []
[2021-11-16T22:33:58.031907+01:00] main.INFO: Start add.php... [] []
[2021-11-16T22:33:58.281394+01:00] main.INFO: Start connect.php... [] []
[2021-11-16T22:34:09.812402+01:00] main.INFO: Start connect.php... [] []
[2021-11-16T22:35:17.998372+01:00] main.INFO: Start connect.php... [] []
[2021-11-16T22:35:18.197514+01:00] main.INFO: Start dashboard.php... [] []
[2021-11-16T22:37:35.823222+01:00] main.INFO: Start dashboard.php... [] []
[2021-11-16T22:38:54.135945+01:00] main.INFO: Start dashboard.php... [] []
[2021-11-17T11:22:38.256167+01:00] main.INFO: Start connect.php... [] []
[2021-11-17T11:22:50.991922+01:00] main.INFO: Start connect.php... [] []
[2021-11-17T11:22:51.939783+01:00] main.INFO: Start dashboard.php... [] []
[2021-11-17T11:23:11.383002+01:00] main.INFO: Start noteList.php... [] []
[2021-11-17T18:38:10.249194+01:00] main.INFO: Start Classelist.php... [] []
[2021-11-17T18:39:39.544676+01:00] main.INFO: Start Classelist.php... [] []
[2021-11-17T18:41:37.495067+01:00] main.INFO: Start Classelist.php... [] []
[2021-11-17T18:44:49.613395+01:00] main.INFO: Start Classelist.php... [] []
[2021-11-17T18:45:02.054976+01:00] main.INFO: Start ClasseManager.php... [] []
[2021-11-17T18:46:09.495229+01:00] main.INFO: Start ClasseManager.php... [] []
[2021-11-17T18:46:25.035033+01:00] main.INFO: Start Classelist.php... [] []
[2021-11-17T18:46:36.436222+01:00] main.INFO: Start ClasseManager.php... [] []
[2021-11-17T18:46:50.391272+01:00] main.INFO: Start ClasseManager.php... [] []
[2021-11-17T18:47:17.531466+01:00] main.INFO: Start Classelist.php... [] []
[2021-11-17T18:48:31.503931+01:00] main.INFO: Start Classelist.php... [] []
[2021-11-17T18:49:23.500053+01:00] main.INFO: Start ClasseManager.php... [] []
[2021-11-17T18:49:34.628501+01:00] main.INFO: Start ClasseManager.php... [] []
[2021-11-17T18:49:34.762925+01:00] main.INFO: Start Classelist.php... [] []
[2021-11-17T19:36:02.923223+01:00] main.INFO: Start Noteadd.php... [] []
[2021-11-17T19:38:37.495777+01:00] main.INFO: Start Noteadd.php... [] []
[2021-11-17T19:40:41.829631+01:00] main.INFO: Start Noteadd.php... [] []
[2021-11-17T19:45:20.213283+01:00] main.INFO: Start Noteadd.php... [] []
[2021-11-17T19:46:09.554613+01:00] main.INFO: Start Noteadd.php... [] []
[2021-11-17T19:52:02.352021+01:00] main.INFO: Start Noteadd.php... [] []
[2021-11-17T19:53:00.705319+01:00] main.INFO: Start Noteadd.php... [] []
[2021-11-17T19:53:41.401214+01:00] main.INFO: Start Noteadd.php... [] []
[2021-11-17T19:54:55.330407+01:00] main.INFO: Start Noteadd.php... [] []
[2021-11-17T19:55:14.293998+01:00] main.INFO: Start Noteadd.php... [] []
[2021-11-17T19:55:14.562335+01:00] main.INFO: Start connect.php... [] []
[2021-11-17T19:56:11.078334+01:00] main.INFO: Start Noteadd.php... [] []
[2021-11-17T19:56:18.520471+01:00] main.INFO: Start Noteadd.php... [] []
[2021-11-17T19:56:18.638839+01:00] main.INFO: Start connect.php... [] []
[2021-11-17T19:57:01.660580+01:00] main.INFO: Start Noteadd.php... [] []
[2021-11-17T19:57:12.500523+01:00] main.INFO: Start Noteadd.php... [] []
[2021-11-17T19:57:50.967429+01:00] main.INFO: Start Noteadd.php... [] []
[2021-11-17T19:57:51.154503+01:00] main.INFO: Start connect.php... [] []
[2021-11-17T19:58:43.208046+01:00] main.INFO: Start connect.php... [] []
[2021-11-17T19:58:43.789370+01:00] main.INFO: Start dashboard.php... [] []
[2021-11-17T20:05:12.119523+01:00] main.INFO: Start ClasseManager.php... [] []
[2021-11-17T20:05:20.618555+01:00] main.INFO: Start ClasseManager.php... [] []
[2021-11-17T20:05:20.857980+01:00] main.INFO: Start Classelist.php... [] []
[2021-11-17T20:05:25.716425+01:00] main.INFO: Start ClasseManager.php... [] []
[2021-11-17T20:05:35.237019+01:00] main.INFO: Start ClasseManager.php... [] []
[2021-11-17T20:05:35.353540+01:00] main.INFO: Start Classelist.php... [] []
[2021-11-17T20:05:38.356585+01:00] main.INFO: Start ClasseManager.php... [] []
[2021-11-17T20:05:46.651204+01:00] main.INFO: Start ClasseManager.php... [] []
[2021-11-17T20:05:46.745143+01:00] main.INFO: Start Classelist.php... [] []
[2021-11-17T20:06:10.052469+01:00] main.INFO: Start Noteadd.php... [] []
[2021-11-17T20:07:13.646866+01:00] main.INFO: Start Noteadd.php... [] []
[2021-11-17T20:07:37.498848+01:00] main.INFO: Start Noteadd.php... [] []
[2021-11-17T20:07:37.629106+01:00] main.INFO: Start connect.php... [] []
[2021-11-22T14:40:46.427662+00:00] main.INFO: Start noteList.php... [] []
[2021-11-22T14:42:21.576881+00:00] main.INFO: Start noteList.php... [] []
[2021-11-22T14:42:39.361087+00:00] main.INFO: Start noteList.php... [] []
[2021-11-22T14:42:42.419425+00:00] main.INFO: Start Noteadd.php... [] []
[2021-11-22T14:43:01.651352+00:00] main.INFO: Start feedBack.php... [] []
[2021-11-22T14:44:25.565395+00:00] main.INFO: Start Noteadd.php... [] []
[2021-11-22T14:44:34.061622+00:00] main.INFO: Start Noteadd.php... [] []
[2021-11-22T14:45:17.255188+00:00] main.INFO: Start Noteadd.php... [] []
[2021-11-22T14:45:29.928504+00:00] main.INFO: Start feedBack.php... [] []
[2021-11-22T14:46:19.278588+00:00] main.INFO: Start feedback.php... [] []
[2021-11-22T14:46:23.305391+00:00] main.INFO: Start feedback.php... [] []
[2021-11-22T14:46:32.599677+00:00] main.INFO: Start dashboard.php... [] []
[2021-11-22T14:47:36.202095+00:00] main.INFO: Start add.php... [] []
[2021-11-22T14:47:43.170295+00:00] main.INFO: Start add.php... [] []
[2021-11-22T14:51:27.638896+00:00] main.INFO: Start add.php... [] []
[2021-11-22T14:51:31.967162+00:00] main.INFO: Start feedback.php... [] []
[2021-11-22T14:51:39.786680+00:00] main.INFO: Start feedback.php... [] []
[2021-11-22T14:51:50.449231+00:00] main.INFO: Start feedback.php... [] []
[2021-11-22T14:51:59.037150+00:00] main.INFO: Start dashboard.php... [] []
[2021-11-22T14:53:12.425576+00:00] main.INFO: Start add.php... [] []
[2021-11-22T14:53:16.792694+00:00] main.INFO: Start add.php... [] []
[2021-11-22T14:53:39.420204+00:00] main.INFO: Start connect.php... [] []
[2021-11-22T14:53:43.159966+00:00] main.INFO: Start add.php... [] []
[2021-11-22T14:53:51.745511+00:00] main.INFO: Start feedback.php... [] []
[2021-11-22T14:53:52.437256+00:00] main.INFO: Start feedback.php... [] []
[2021-11-22T14:53:52.844443+00:00] main.INFO: Start feedback.php... [] []
[2021-11-22T14:53:53.249733+00:00] main.INFO: Start feedback.php... [] []
[2021-11-22T14:53:53.612484+00:00] main.INFO: Start feedback.php... [] []
[2021-11-22T14:54:10.454353+00:00] main.INFO: Start feedback.php... [] []
[2021-11-22T14:54:19.329031+00:00] main.INFO: Start feedback.php... [] []
[2021-11-22T14:56:03.804529+00:00] main.INFO: Start feedback.php... [] []
[2021-11-22T14:56:08.749345+00:00] main.INFO: Start feedback.php... [] []
[2021-11-22T14:56:22.364744+00:00] main.INFO: Start noteList.php... [] []
[2021-11-22T14:56:24.529031+00:00] main.INFO: Start Noteadd.php... [] []
[2021-11-22T14:56:33.647936+00:00] main.INFO: Start Noteadd.php... [] []
[2021-11-22T14:56:33.706880+00:00] main.INFO: Start connect.php... [] []
[2021-11-22T14:56:42.289147+00:00] main.INFO: Start noteList.php... [] []
[2021-11-22T14:56:51.797354+00:00] main.INFO: Start Noteadd.php... [] []
[2021-11-22T14:57:08.849234+00:00] main.INFO: Start dashboard.php... [] []
[2021-11-22T14:57:11.052078+00:00] main.INFO: Start add.php... [] []
[2021-11-22T14:57:16.288080+00:00] main.INFO: Start add.php... [] []
[2021-11-22T14:57:16.412536+00:00] main.INFO: Start connect.php... [] []
[2021-11-22T15:13:50.670145+00:00] main.INFO: Start noteList.php... [] []
[2021-11-22T15:13:52.496500+00:00] main.INFO: Start Noteadd.php... [] []
[2021-11-22T15:14:00.103324+00:00] main.INFO: Start Noteadd.php... [] []
[2021-11-22T15:14:00.158131+00:00] main.INFO: Start connect.php... [] []
[2021-11-22T15:14:50.413213+00:00] main.INFO: Start connect.php... [] []
[2021-11-22T15:14:59.922174+00:00] main.INFO: Start connect.php... [] []
[2021-11-22T15:15:06.373996+00:00] main.INFO: Start Noteadd.php... [] []
[2021-11-22T15:15:13.108755+00:00] main.INFO: Start Noteadd.php... [] []
[2021-11-22T15:15:13.399841+00:00] main.INFO: Start connect.php... [] []
[2021-11-22T15:15:46.725025+00:00] main.INFO: Start connect.php... [] []
[2021-11-22T15:15:52.452289+00:00] main.INFO: Start noteList.php... [] []
[2021-11-22T15:16:07.640606+00:00] main.INFO: Start Noteadd.php... [] []
[2021-11-22T15:17:01.042915+00:00] main.INFO: Start Noteadd.php... [] []
[2021-11-22T15:17:01.656510+00:00] main.INFO: Start Noteadd.php... [] []
[2021-11-22T15:17:01.925487+00:00] main.INFO: Start Noteadd.php... [] []
[2021-11-22T15:17:07.634706+00:00] main.INFO: Start Noteadd.php... [] []
[2021-11-22T15:17:11.102457+00:00] main.INFO: Start Noteadd.php... [] []
[2021-11-22T15:17:11.294745+00:00] main.INFO: Start Noteadd.php... [] []
[2021-11-22T15:17:11.458761+00:00] main.INFO: Start Noteadd.php... [] []
[2021-11-22T15:20:22.071038+00:00] main.INFO: Start Noteadd.php... [] []
[2021-11-22T15:21:40.007439+00:00] main.INFO: Start Noteadd.php... [] []
[2021-11-22T15:21:45.181977+00:00] main.INFO: Start Noteadd.php... [] []
[2021-11-22T15:22:02.350225+00:00] main.INFO: Start connect.php... [] []
[2021-11-22T15:22:08.065854+00:00] main.INFO: Start feedback.php... [] []
[2021-11-22T15:22:14.211671+00:00] main.INFO: Start noteList.php... [] []
[2021-11-22T15:22:17.506217+00:00] main.INFO: Start Noteadd.php... [] []
[2021-11-22T15:28:08.216964+00:00] main.INFO: Start Noteadd.php... [] []
[2021-11-22T15:28:34.313801+00:00] main.INFO: Start Noteadd.php... [] []
[2021-11-22T15:28:34.945382+00:00] main.INFO: Start Noteadd.php... [] []
[2021-11-22T15:28:35.114768+00:00] main.INFO: Start Noteadd.php... [] []
[2021-11-22T15:28:35.213385+00:00] main.INFO: Start Noteadd.php... [] []
[2021-11-22T15:28:35.349276+00:00] main.INFO: Start Noteadd.php... [] []
[2021-11-22T15:28:35.459590+00:00] main.INFO: Start Noteadd.php... [] []
[2021-11-22T15:28:35.544951+00:00] main.INFO: Start Noteadd.php... [] []
[2021-11-22T15:28:47.852850+00:00] main.INFO: Start Noteadd.php... [] []
[2021-11-22T15:28:48.160791+00:00] main.INFO: Start Noteadd.php... [] []
[2021-11-22T15:28:48.377524+00:00] main.INFO: Start Noteadd.php... [] []
[2021-11-22T15:28:48.553829+00:00] main.INFO: Start Noteadd.php... [] []
[2021-11-22T15:28:48.709756+00:00] main.INFO: Start Noteadd.php... [] []
[2021-11-22T15:28:48.829748+00:00] main.INFO: Start Noteadd.php... [] []
[2021-11-22T15:28:48.968280+00:00] main.INFO: Start Noteadd.php... [] []
[2021-11-22T15:28:49.088746+00:00] main.INFO: Start Noteadd.php... [] []
[2021-11-22T15:30:09.286572+00:00] main.INFO: Start Noteadd.php... [] []
[2021-11-22T15:30:09.874088+00:00] main.INFO: Start Noteadd.php... [] []
[2021-11-22T15:30:10.035870+00:00] main.INFO: Start Noteadd.php... [] []
[2021-11-22T15:30:10.168015+00:00] main.INFO: Start Noteadd.php... [] []
[2021-11-22T15:30:15.582607+00:00] main.INFO: Start Noteadd.php... [] []
[2021-11-22T15:30:28.782314+00:00] main.INFO: Start Noteadd.php... [] []
[2021-11-22T15:31:03.450907+00:00] main.INFO: Start Noteadd.php... [] []
[2021-11-22T15:31:03.734693+00:00] main.INFO: Start Noteadd.php... [] []
[2021-11-22T15:31:04.039681+00:00] main.INFO: Start Noteadd.php... [] []
[2021-11-22T15:32:35.713903+00:00] main.INFO: Start Noteadd.php... [] []
[2021-11-22T15:32:36.526917+00:00] main.INFO: Start Noteadd.php... [] []
[2021-11-22T15:32:36.660928+00:00] main.INFO: Start Noteadd.php... [] []
[2021-11-22T15:32:36.803106+00:00] main.INFO: Start Noteadd.php... [] []
[2021-11-22T15:32:36.933612+00:00] main.INFO: Start Noteadd.php... [] []
[2021-11-22T15:35:45.718792+00:00] main.INFO: Start Noteadd.php... [] []
[2021-11-22T15:36:12.907175+00:00] main.INFO: Start Noteadd.php... [] []
[2021-11-22T15:36:20.204476+00:00] main.INFO: Start Noteadd.php... [] []
[2021-11-22T15:36:20.930309+00:00] main.INFO: Start connect.php... [] []
[2021-11-22T15:36:35.321187+00:00] main.INFO: Start noteList.php... [] []
[2021-11-22T15:37:16.622242+00:00] main.INFO: Start Noteadd.php... [] []
[2021-11-22T15:39:32.505029+00:00] main.INFO: Start feedback.php... [] []
[2021-11-22T15:40:24.934318+00:00] main.INFO: Start feedback.php... [] []
[2021-11-22T15:40:34.320329+00:00] main.INFO: Start feedback.php... [] []
[2021-11-22T15:40:48.823571+00:00] main.INFO: Start dashboard.php... [] []
[2021-11-22T15:41:51.851646+00:00] main.INFO: Start noteList.php... [] []
[2021-11-22T15:44:30.896503+00:00] main.INFO: Start dashboard.php... [] []
[2021-11-22T15:44:31.910855+00:00] main.INFO: Start dashboard.php... [] []
[2021-11-22T15:44:32.192510+00:00] main.INFO: Start dashboard.php... [] []
[2021-11-22T15:44:39.318903+00:00] main.INFO: Start dashboard.php... [] []
[2021-11-22T15:45:21.529534+00:00] main.INFO: Start dashboard.php... [] []
[2021-11-22T15:45:27.444512+00:00] main.INFO: Start connect.php... [] []
[2021-11-22T15:45:44.542141+00:00] main.INFO: Start dashboard.php... [] []
[2021-11-22T15:45:45.319495+00:00] main.INFO: Start dashboard.php... [] []
[2021-11-22T15:45:45.689655+00:00] main.INFO: Start dashboard.php... [] []
[2021-11-22T15:45:45.955578+00:00] main.INFO: Start dashboard.php... [] []
[2021-11-22T15:46:11.380554+00:00] main.INFO: Start dashboard.php... [] []
[2021-11-22T15:46:51.615228+00:00] main.INFO: Start dashboard.php... [] []
[2021-11-22T15:46:53.411127+00:00] main.INFO: Start dashboard.php... [] []
[2021-11-22T15:47:03.720601+00:00] main.INFO: Start dashboard.php... [] []
[2021-11-22T15:47:45.402643+00:00] main.INFO: Start dashboard.php... [] []
[2021-11-22T15:47:55.072525+00:00] main.INFO: Start dashboard.php... [] []
[2021-11-22T15:47:59.827288+00:00] main.INFO: Start dashboard.php... [] []
[2021-11-22T15:48:00.642158+00:00] main.INFO: Start dashboard.php... [] []
[2021-11-22T15:48:00.978692+00:00] main.INFO: Start dashboard.php... [] []
[2021-11-22T15:48:01.320348+00:00] main.INFO: Start dashboard.php... [] []
[2021-11-22T15:48:01.650992+00:00] main.INFO: Start dashboard.php... [] []
[2021-11-22T15:48:01.990103+00:00] main.INFO: Start dashboard.php... [] []
[2021-11-22T15:48:22.187323+00:00] main.INFO: Start dashboard.php... [] []
[2021-11-22T15:48:24.681151+00:00] main.INFO: Start dashboard.php... [] []
[2021-11-22T15:48:52.873990+00:00] main.INFO: Start dashboard.php... [] []
[2021-11-22T15:48:53.857107+00:00] main.INFO: Start dashboard.php... [] []
[2021-11-22T15:48:54.213891+00:00] main.INFO: Start dashboard.php... [] []
[2021-11-22T15:48:54.514294+00:00] main.INFO: Start dashboard.php... [] []
[2021-11-22T15:48:54.818949+00:00] main.INFO: Start dashboard.php... [] []
[2021-11-22T15:49:02.918297+00:00] main.INFO: Start dashboard.php... [] []
[2021-11-22T15:49:07.625459+00:00] main.INFO: Start dashboard.php... [] []
[2021-11-22T15:49:13.137282+00:00] main.INFO: Start dashboard.php... [] []
[2021-11-22T15:49:36.784895+00:00] main.INFO: Start dashboard.php... [] []
[2021-11-22T15:49:40.451255+00:00] main.INFO: Start dashboard.php... [] []
[2021-11-22T15:49:46.578184+00:00] main.INFO: Start dashboard.php... [] []
[2021-11-22T15:50:11.001458+00:00] main.INFO: Start dashboard.php... [] []
[2021-11-22T15:50:17.309972+00:00] main.INFO: Start dashboard.php... [] []
[2021-11-22T15:50:32.506724+00:00] main.INFO: Start dashboard.php... [] []
[2021-11-22T15:50:45.388829+00:00] main.INFO: Start dashboard.php... [] []
[2021-11-22T15:51:04.413572+00:00] main.INFO: Start dashboard.php... [] []
[2021-11-22T15:51:29.614564+00:00] main.INFO: Start dashboard.php... [] []
[2021-11-22T15:51:48.571658+00:00] main.INFO: Start dashboard.php... [] []
[2021-11-22T15:52:20.592498+00:00] main.INFO: Start dashboard.php... [] []
[2021-11-22T15:52:49.695621+00:00] main.INFO: Start dashboard.php... [] []
[2021-11-22T15:53:29.381497+00:00] main.INFO: Start dashboard.php... [] []
[2021-11-22T15:53:45.280012+00:00] main.INFO: Start dashboard.php... [] []
[2021-11-22T15:54:03.146416+00:00] main.INFO: Start dashboard.php... [] []
[2021-11-22T15:54:10.790447+00:00] main.INFO: Start dashboard.php... [] []
[2021-11-22T15:54:32.409320+00:00] main.INFO: Start dashboard.php... [] []
[2021-11-22T15:54:47.093902+00:00] main.INFO: Start connect.php... [] []
[2021-11-22T15:54:49.697015+00:00] main.INFO: Start connect.php... [] []
[2021-11-22T15:54:52.631913+00:00] main.INFO: Start connect.php... [] []
[2021-11-22T15:55:27.657346+00:00] main.INFO: Start connect.php... [] []
[2021-11-22T15:56:16.501916+00:00] main.INFO: Start add.php... [] []
[2021-11-22T15:56:22.521031+00:00] main.INFO: Start add.php... [] []
[2021-11-22T15:56:22.932273+00:00] main.INFO: Start connect.php... [] []
[2021-11-22T15:56:28.716254+00:00] main.INFO: Start connect.php... [] []
[2021-11-22T15:56:29.171760+00:00] main.INFO: Start dashboard.php... [] []
[2021-11-22T15:56:32.495383+00:00] main.INFO: Start add.php... [] []
[2021-11-22T15:57:57.757821+00:00] main.INFO: Start dashboard.php... [] []
[2021-11-22T16:02:29.040512+00:00] main.INFO: Start dashboard.php... [] []
[2021-11-22T16:02:34.276276+00:00] main.INFO: Start dashboard.php... [] []
[2021-11-22T16:03:06.105563+00:00] main.INFO: Start dashboard.php... [] []
[2021-11-22T16:03:11.688894+00:00] main.INFO: Start dashboard.php... [] []
[2021-11-22T16:03:23.287378+00:00] main.INFO: Start dashboard.php... [] []
[2021-11-22T16:03:29.450305+00:00] main.INFO: Start dashboard.php... [] []
[2021-11-22T16:03:41.574868+00:00] main.INFO: Start dashboard.php... [] []
[2021-11-22T16:03:42.189156+00:00] main.INFO: Start dashboard.php... [] []
[2021-11-22T16:04:18.646904+00:00] main.INFO: Start dashboard.php... [] []
[2021-11-22T16:04:50.842921+00:00] main.INFO: Start dashboard.php... [] []
[2021-11-22T16:04:57.838467+00:00] main.INFO: Start dashboard.php... [] []
[2021-11-22T16:05:18.296813+00:00] main.INFO: Start dashboard.php... [] []
[2021-11-22T16:05:34.986699+00:00] main.INFO: Start dashboard.php... [] []
[2021-11-22T16:05:36.928883+00:00] main.INFO: Start dashboard.php... [] []
[2021-11-22T16:05:49.203434+00:00] main.INFO: Start dashboard.php... [] []
[2021-11-22T16:05:50.001451+00:00] main.INFO: Start dashboard.php... [] []
[2021-11-22T16:05:50.326615+00:00] main.INFO: Start dashboard.php... [] []
[2021-11-22T16:05:55.287067+00:00] main.INFO: Start dashboard.php... [] []
[2021-11-22T16:06:03.658953+00:00] main.INFO: Start dashboard.php... [] []
[2021-11-22T16:06:08.787522+00:00] main.INFO: Start dashboard.php... [] []
[2021-11-22T16:06:15.101728+00:00] main.INFO: Start dashboard.php... [] []
[2021-11-22T16:06:20.202173+00:00] main.INFO: Start dashboard.php... [] []
[2021-11-22T16:06:38.808007+00:00] main.INFO: Start dashboard.php... [] []
[2021-11-22T16:06:41.354215+00:00] main.INFO: Start dashboard.php... [] []
[2021-11-22T16:06:45.783609+00:00] main.INFO: Start dashboard.php... [] []
[2021-11-22T16:06:47.806153+00:00] main.INFO: Start dashboard.php... [] []
[2021-11-22T16:07:00.424472+00:00] main.INFO: Start dashboard.php... [] []
[2021-11-22T16:07:06.069612+00:00] main.INFO: Start dashboard.php... [] []
[2021-11-22T16:08:25.649742+00:00] main.INFO: Start dashboard.php... [] []
[2021-11-22T16:09:15.354758+00:00] main.INFO: Start userList.php... [] []
[2021-11-22T16:11:37.672725+00:00] main.INFO: Start noteList.php... [] []
[2021-11-22T16:11:56.134811+00:00] main.INFO: Start noteList.php... [] []
[2021-11-22T16:12:11.598580+00:00] main.INFO: Start connect.php... [] []
[2021-11-22T16:13:30.569133+00:00] main.INFO: Start noteList.php... [] []
[2021-11-22T16:13:32.757641+00:00] main.INFO: Start connect.php... [] []
[2021-11-22T16:13:39.925568+00:00] main.INFO: Start noteList.php... [] []
[2021-11-22T16:13:41.925136+00:00] main.INFO: Start dashboard.php... [] []
[2021-11-22T16:14:03.499533+00:00] main.INFO: Start dashboard.php... [] []
[2021-11-22T16:14:08.896145+00:00] main.INFO: Start dashboard.php... [] []
[2021-11-22T16:14:11.760183+00:00] main.INFO: Start noteList.php... [] []
[2021-11-22T16:14:13.715473+00:00] main.INFO: Start dashboard.php... [] []
[2021-11-22T16:14:15.225105+00:00] main.INFO: Start noteList.php... [] []
[2021-11-22T16:14:17.072646+00:00] main.INFO: Start dashboard.php... [] []
[2021-11-22T16:14:18.594915+00:00] main.INFO: Start noteList.php... [] []
[2021-11-22T16:14:54.653478+00:00] main.INFO: Start noteList.php... [] []
[2021-11-22T16:15:31.382372+00:00] main.INFO: Start connect.php... [] []
[2021-11-22T16:15:38.390677+00:00] main.INFO: Start connect.php... [] []
[2021-11-22T16:15:38.796563+00:00] main.INFO: Start noteList.php... [] []
[2021-11-22T16:16:57.168861+00:00] main.INFO: Start Noteadd.php... [] []
[2021-11-22T16:17:38.958877+00:00] main.INFO: Start noteList.php... [] []
[2021-11-22T16:17:40.361630+00:00] main.INFO: Start feedback.php... [] []
[2021-11-22T16:17:58.230654+00:00] main.INFO: Start feedback.php... [] []
[2021-11-22T16:18:09.766879+00:00] main.INFO: Start noteList.php... [] []
[2021-11-22T16:19:14.682743+00:00] main.INFO: Start feedback.php... [] []
[2021-11-22T16:19:17.814001+00:00] main.INFO: Start feedback.php... [] []
[2021-11-22T16:19:22.489038+00:00] main.INFO: Start feedback.php... [] []
[2021-11-22T16:19:36.301267+00:00] main.INFO: Start feedback.php... [] []
[2021-11-22T16:19:41.424346+00:00] main.INFO: Start feedback.php... [] []
[2021-11-22T16:20:02.887803+00:00] main.INFO: Start feedback.php... [] []
[2021-11-22T16:20:29.459875+00:00] main.INFO: Start feedback.php... [] []
[2021-11-22T16:22:55.929490+00:00] main.INFO: Start feedback.php... [] []
[2021-11-22T16:23:09.035713+00:00] main.INFO: Start feedback.php... [] []
[2021-11-22T16:23:32.256917+00:00] main.INFO: Start noteList.php... [] []
[2021-11-22T16:23:38.652059+00:00] main.INFO: Start feedback.php... [] []
[2021-11-22T16:23:46.648985+00:00] main.INFO: Start feedback.php... [] []
[2021-11-22T16:23:49.911790+00:00] main.INFO: Start feedback.php... [] []
[2021-11-22T16:23:54.044486+00:00] main.INFO: Start noteList.php... [] []
[2021-11-22T16:23:56.515809+00:00] main.INFO: Start noteList.php... [] []
[2021-11-22T16:24:02.774061+00:00] main.INFO: Start noteList.php... [] []
[2021-11-22T16:31:14.340799+00:00] main.INFO: Start noteList.php... [] []
[2021-11-22T16:31:22.103245+00:00] main.INFO: Start noteList.php... [] []
[2021-11-22T16:31:23.855320+00:00] main.INFO: Start feedback.php... [] []
[2021-11-22T16:31:27.562945+00:00] main.INFO: Start feedback.php... [] []
[2021-11-22T16:31:34.512571+00:00] main.INFO: Start feedback.php... [] []
[2021-11-22T16:32:16.374853+00:00] main.INFO: Start noteList.php... [] []
[2021-11-22T16:32:17.623167+00:00] main.INFO: Start noteList.php... [] []
[2021-11-22T16:32:18.067424+00:00] main.INFO: Start feedback.php... [] []
[2021-11-22T16:32:50.557689+00:00] main.INFO: Start feedback.php... [] []
[2021-11-22T16:34:31.321907+00:00] main.INFO: Start feedback.php... [] []
[2021-11-22T16:34:36.332148+00:00] main.INFO: Start noteList.php... [] []
[2021-11-22T16:35:22.281652+00:00] main.INFO: Start feedback.php... [] []
[2021-11-22T16:35:32.054655+00:00] main.INFO: Start feedback.php... [] []
[2021-11-22T16:35:50.904100+00:00] main.INFO: Start feedback.php... [] []
[2021-11-22T16:36:44.506310+00:00] main.INFO: Start feedback.php... [] []
[2021-11-22T16:36:57.145635+00:00] main.INFO: Start feedback.php... [] []
[2021-11-22T16:39:07.186296+00:00] main.INFO: Start feedback.php... [] []
[2021-11-22T16:39:17.172239+00:00] main.INFO: Start feedback.php... [] []
[2021-11-22T16:39:17.513104+00:00] main.INFO: Start feedback.php... [] []
[2021-11-22T16:39:17.839931+00:00] main.INFO: Start feedback.php... [] []
[2021-11-22T16:39:59.802906+00:00] main.INFO: Start feedback.php... [] []
[2021-11-22T16:40:57.285971+00:00] main.INFO: Start feedback.php... [] []
[2021-11-22T16:51:36.270821+00:00] main.INFO: Start connect.php... [] []
[2021-11-22T17:12:31.183046+00:00] main.INFO: Start feedback.php... [] []
[2021-11-22T17:13:11.243886+00:00] main.INFO: Start feedback.php... [] []
[2021-11-22T17:13:35.541845+00:00] main.INFO: Start feedback.php... [] []
[2021-11-22T17:13:38.913334+00:00] main.INFO: Start feedback.php... [] []
[2021-11-22T17:13:39.263777+00:00] main.INFO: Start feedback.php... [] []
[2021-11-22T17:13:39.783176+00:00] main.INFO: Start feedback.php... [] []
[2021-11-22T17:13:40.162205+00:00] main.INFO: Start feedback.php... [] []
[2021-11-22T17:26:35.012509+00:00] main.INFO: Start feedback.php... [] []
[2021-11-22T17:35:45.938461+00:00] main.INFO: Start connect.php... [] []
[2021-11-22T17:35:54.321438+00:00] main.INFO: Start connect.php... [] []
[2021-11-22T17:35:54.830315+00:00] main.INFO: Start noteList.php... [] []
[2021-11-22T17:38:34.923589+00:00] main.INFO: Start feedback.php... [] []
[2021-11-22T17:39:53.392058+00:00] main.INFO: Start feedback.php... [] []
[2021-11-22T17:42:00.479475+00:00] main.INFO: Start feedback.php... [] []
[2021-11-22T17:42:06.504364+00:00] main.INFO: Start feedback.php... [] []
[2021-11-22T17:42:40.942458+00:00] main.INFO: Start feedback.php... [] []
[2021-11-22T17:43:38.672593+00:00] main.INFO: Start feedback.php... [] []
[2021-11-22T17:45:46.109545+00:00] main.INFO: Start feedback.php... [] []
[2021-11-22T17:45:55.957376+00:00] main.INFO: Start feedback.php... [] []
[2021-11-22T17:46:20.012282+00:00] main.INFO: Start feedback.php... [] []
[2021-11-22T17:47:06.116936+00:00] main.INFO: Start feedback.php... [] []
[2021-11-22T17:47:14.520252+00:00] main.INFO: Start feedback.php... [] []
[2021-11-22T17:49:14.694714+00:00] main.INFO: Start feedback.php... [] []
[2021-11-22T17:50:04.069385+00:00] main.INFO: Start feedback.php... [] []
[2021-11-22T17:52:05.204859+00:00] main.INFO: Start feedback.php... [] []
[2021-11-22T17:52:17.957123+00:00] main.INFO: Start feedback.php... [] []
[2021-11-22T17:56:02.375412+00:00] main.INFO: Start feedback.php... [] []
[2021-11-22T17:56:03.523461+00:00] main.INFO: Start feedback.php... [] []
[2021-11-22T17:56:03.865991+00:00] main.INFO: Start feedback.php... [] []
[2021-11-22T17:56:10.463279+00:00] main.INFO: Start feedback.php... [] []
[2021-11-22T17:56:24.227121+00:00] main.INFO: Start feedback.php... [] []
[2021-11-22T17:56:28.711147+00:00] main.INFO: Start feedback.php... [] []
[2021-11-22T17:57:03.225517+00:00] main.INFO: Start feedback.php... [] []
[2021-11-22T17:57:09.899035+00:00] main.INFO: Start feedback.php... [] []
[2021-11-22T17:57:46.046685+00:00] main.INFO: Start feedback.php... [] []
[2021-11-22T17:57:59.083841+00:00] main.INFO: Start feedback.php... [] []
[2021-11-22T17:58:08.381603+00:00] main.INFO: Start feedback.php... [] []
[2021-11-22T17:58:58.366444+00:00] main.INFO: Start feedback.php... [] []
[2021-11-22T17:59:04.643373+00:00] main.INFO: Start feedback.php... [] []
[2021-11-22T17:59:14.987034+00:00] main.INFO: Start feedback.php... [] []
[2021-11-22T18:02:03.099776+00:00] main.INFO: Start feedback.php... [] []
[2021-11-22 18:38:48] main.INFO: Start connect.php... [] []
[2021-11-22 20:34:33] main.INFO: Start connect.php... [] []
[2021-11-22 20:34:35] main.INFO: Start connect.php... [] []
[2021-11-22 20:34:42] main.INFO: Start connect.php... [] []
[2021-11-22 20:34:42] main.INFO: Start noteList.php... [] []
[2021-11-22 20:34:59] main.INFO: Start feedback.php... [] []
[2021-11-22 20:35:30] main.INFO: Start feedback.php... [] []
[2021-11-22 20:35:45] main.INFO: Start feedback.php... [] []
[2021-11-22 20:35:47] main.INFO: Start feedback.php... [] []
[2021-11-22 20:35:54] main.INFO: Start noteList.php... [] []
[2021-11-22 20:38:32] main.INFO: Start noteList.php... [] []
[2021-11-22 21:22:49] main.INFO: Start noteList.php... [] []
[2021-11-22 21:25:17] main.INFO: Start noteList.php... [] []
[2021-11-22 21:26:19] main.INFO: Start noteList.php... [] []
[2021-11-22 21:27:12] main.INFO: Start noteList.php... [] []
[2021-11-22 21:35:19] main.INFO: Start noteList.php... [] []
[2021-11-22 21:41:08] main.INFO: Start noteList.php... [] []
[2021-11-22 21:56:20] main.INFO: Start noteList.php... [] []
[2021-11-22 21:57:15] main.INFO: Start noteList.php... [] []
[2021-11-22 22:03:14] main.INFO: Start noteList.php... [] []
[2021-11-22 22:03:55] main.INFO: Start noteList.php... [] []
